#
# A fatal error has been detected by the Java Runtime Environment:
#
#  SIGSEGV (0xb) at pc=0x00007fc38be5cbfb, pid=16558, tid=140477657503488
#
# JRE version: Java(TM) SE Runtime Environment (7.0_75-b13) (build 1.7.0_75-b13)
# Java VM: Java HotSpot(TM) 64-Bit Server VM (24.75-b04 mixed mode linux-amd64 compressed oops)
# Problematic frame:
# V  [libjvm.so+0x557bfb]  STWGCTimer::register_gc_start(Ticks const&)+0xb
#
# Failed to write core dump. Core dumps have been disabled. To enable core dumping, try "ulimit -c unlimited" before starting Java again
#
# If you would like to submit a bug report, please visit:
#   http://bugreport.sun.com/bugreport/crash.jsp
#

---------------  T H R E A D  ---------------

Current thread (0x00007fc38406b800):  VMThread [stack: 0x00007fc380cfd000,0x00007fc380dfe000] [id=16570]

siginfo:si_signo=SIGSEGV: si_errno=0, si_code=1 (SEGV_MAPERR), si_addr=0x0000000000000000

Registers:
RAX=0x0000000000000000, RBX=0x00007fc384019fd0, RCX=0x0000000000000018, RDX=0x00007fc380dfc940
RSP=0x00007fc380dfc590, RBP=0x00007fc380dfc590, RSI=0x00007fc380dfc940, RDI=0x00007fc38c752380
R8 =0x0000000000000000, R9 =0x0000000000000001, R10=0x000000005571f452, R11=0x00000000007005a2
R12=0x00007fc38401e710, R13=0x000000000000000a, R14=0x00007fc38c766a18, R15=0x000000000000000a
RIP=0x00007fc38be5cbfb, EFLAGS=0x0000000000010206, CSGSFS=0x0000000000000033, ERR=0x0000000000000006
  TRAPNO=0x000000000000000e

Top of Stack: (sp=0x00007fc380dfc590)
0x00007fc380dfc590:   00007fc380dfc9d0 00007fc38c18d9d8
0x00007fc380dfc5a0:   0000000027280000 0000000013480000
0x00007fc380dfc5b0:   0000000000000000 000000000000000a
0x00007fc380dfc5c0:   00007fc38401cb00 00007fc38be5dd3a
0x00007fc380dfc5d0:   00007fc380dfc640 00007fc380dfc7f0
0x00007fc380dfc5e0:   00007fc380dfc7b0 00007fc380dfc8c0
0x00007fc380dfc5f0:   00007fc38c750b70 00007fc38c7446d9
0x00007fc380dfc600:   00007fc380dfc890 00007fc380dfc960
0x00007fc380dfc610:   00007fc380dfc830 00007fc380dfc950
0x00007fc380dfc620:   00007fc384019fd0 00007fc30000000a
0x00007fc380dfc630:   00007fc38401cd50 00007fc38401cde0
0x00007fc380dfc640:   00007fc38401ecf0 00007fc38401e710
0x00007fc380dfc650:   000000001454cb28 0000000013388000
0x00007fc380dfc660:   00000000c10777b0 00007fc384069a20
0x00007fc380dfc670:   0000000013480000 00007fc3840297b0
0x00007fc380dfc680:   00007fc3840297c0 00007fc384029b98
0x00007fc380dfc690:   00007fc38406ad00 00000000000003d8
0x00007fc380dfc6a0:   0000000000238965 00000000001ceef6
0x00007fc380dfc6b0:   000000000412c675 0000000000000000
0x00007fc380dfc6c0:   0000000000000000 0000000000000000
0x00007fc380dfc6d0:   000000000420735f 0000000000000000
0x00007fc380dfc6e0:   00007fc384004347 0000000027280000
0x00007fc380dfc6f0:   0000001300000000 00007fc38401cd50
0x00007fc380dfc700:   00007fc38401cde0 00007fc38401ecf0
0x00007fc380dfc710:   00007fc38401e710 00007fc384069120
0x00007fc380dfc720:   00007fc3840297b0 00007fc3840297c0
0x00007fc380dfc730:   00007fc384029b98 00000000000003d8
0x00007fc380dfc740:   00000000001ceef6 0000000000237d65
0x00007fc380dfc750:   0000000003db3cc2 0000000000000000
0x00007fc380dfc760:   0043472000000002 0000000000000000
0x00007fc380dfc770:   0000000000006533 000000000412610f
0x00007fc380dfc780:   0000000000000000 00007fc384067f60 

Instructions: (pc=0x00007fc38be5cbfb)
0x00007fc38be5cbdb:   fd ff ff 66 90 55 48 83 c7 28 48 89 e5 c9 e9 a2
0x00007fc38be5cbeb:   fd ff ff 66 90 55 48 8b 47 28 48 89 f2 48 89 e5
0x00007fc38be5cbfb:   c7 00 00 00 00 00 c7 47 44 00 00 00 00 48 c7 47
0x00007fc38be5cc0b:   50 00 00 00 00 48 c7 47 48 00 00 00 00 48 c7 47 

Register to memory mapping:

RAX=0x0000000000000000 is an unknown value
RBX=0x00007fc384019fd0 is an unknown value
RCX=0x0000000000000018 is an unknown value
RDX=0x00007fc380dfc940 is an unknown value
RSP=0x00007fc380dfc590 is an unknown value
RBP=0x00007fc380dfc590 is an unknown value
RSI=0x00007fc380dfc940 is an unknown value
RDI=0x00007fc38c752380: <offset 0xe4d380> in /usr/lib/jvm/jre/lib/amd64/server/libjvm.so at 0x00007fc38b905000
R8 =0x0000000000000000 is an unknown value
R9 =0x0000000000000001 is an unknown value
R10=0x000000005571f452 is an unknown value
R11=0x00000000007005a2 is an unknown value
R12=0x00007fc38401e710 is an unknown value
R13=0x000000000000000a is an unknown value
R14=0x00007fc38c766a18: <offset 0xe61a18> in /usr/lib/jvm/jre/lib/amd64/server/libjvm.so at 0x00007fc38b905000
R15=0x000000000000000a is an unknown value


Stack: [0x00007fc380cfd000,0x00007fc380dfe000],  sp=0x00007fc380dfc590,  free space=1021k
Native frames: (J=compiled Java code, j=interpreted, Vv=VM code, C=native code)
V  [libjvm.so+0x557bfb]  STWGCTimer::register_gc_start(Ticks const&)+0xb
V  [libjvm.so+0x8889d8]  PSScavenge::invoke_no_policy()+0x48
V  [libjvm.so+0x88a0f1]  PSScavenge::invoke()+0x41
V  [libjvm.so+0x840a90]  ParallelScavengeHeap::failed_mem_allocate(unsigned long)+0x70
V  [libjvm.so+0x9a3167]  VM_ParallelGCFailedAllocation::doit()+0x97
V  [libjvm.so+0x9aa605]  VM_Operation::evaluate()+0x55
V  [libjvm.so+0x9a89ca]  VMThread::evaluate_operation(VM_Operation*)+0xba
V  [libjvm.so+0x9a8d4e]  VMThread::loop()+0x1ce
V  [libjvm.so+0x9a91c0]  VMThread::run()+0x70
V  [libjvm.so+0x820b88]  java_start(Thread*)+0x108

VM_Operation (0x00007fc3702421b0): ParallelGCFailedAllocation, mode: safepoint, requested by thread 0x00007fc3841cb800


---------------  P R O C E S S  ---------------

Java Threads: ( => current thread )
  0x00007fc32c170800 JavaThread "TimerQueue" daemon [_thread_blocked, id=16608, stack(0x00007fc3333c9000,0x00007fc3334ca000)]
  0x00007fc38400c000 JavaThread "DestroyJavaVM" [_thread_blocked, id=16562, stack(0x00007fc38d27c000,0x00007fc38d37d000)]
  0x00007fc3841cb800 JavaThread "AWT-EventQueue-0" [_thread_blocked, id=16591, stack(0x00007fc370145000,0x00007fc370246000)]
  0x00007fc3841c9800 JavaThread "AWT-Shutdown" [_thread_blocked, id=16590, stack(0x00007fc370246000,0x00007fc370347000)]
  0x00007fc3841c8000 JavaThread "AWT-XAWT" daemon [_thread_blocked, id=16589, stack(0x00007fc370347000,0x00007fc370448000)]
  0x00007fc3841a9000 JavaThread "Java2D Disposer" daemon [_thread_blocked, id=16588, stack(0x00007fc370858000,0x00007fc370959000)]
  0x00007fc3840aa000 JavaThread "Service Thread" daemon [_thread_blocked, id=16585, stack(0x00007fc3801f0000,0x00007fc3802f1000)]
  0x00007fc3840a7800 JavaThread "C2 CompilerThread1" daemon [_thread_blocked, id=16584, stack(0x00007fc3802f1000,0x00007fc3803f2000)]
  0x00007fc3840a4800 JavaThread "C2 CompilerThread0" daemon [_thread_blocked, id=16583, stack(0x00007fc3803f2000,0x00007fc3804f3000)]
  0x00007fc3840a2800 JavaThread "JDWP Event Helper Thread" daemon [_thread_blocked, id=16578, stack(0x00007fc3805f4000,0x00007fc3806f5000)]
  0x00007fc38409e800 JavaThread "JDWP Transport Listener: dt_socket" daemon [_thread_in_native, id=16576, stack(0x00007fc3806f5000,0x00007fc3807f6000)]
  0x00007fc384091800 JavaThread "Signal Dispatcher" daemon [_thread_blocked, id=16574, stack(0x00007fc3809fa000,0x00007fc380afb000)]
  0x00007fc384072000 JavaThread "Finalizer" daemon [_thread_blocked, id=16572, stack(0x00007fc380afb000,0x00007fc380bfc000)]
  0x00007fc384070000 JavaThread "Reference Handler" daemon [_thread_blocked, id=16571, stack(0x00007fc380bfc000,0x00007fc380cfd000)]

Other Threads:
=>0x00007fc38406b800 VMThread [stack: 0x00007fc380cfd000,0x00007fc380dfe000] [id=16570]
  0x00007fc3840b4800 WatcherThread [stack: 0x00007fc3800ef000,0x00007fc3801f0000] [id=16586]

VM state:at safepoint (normal execution)

VM Mutex/Monitor currently owned by a thread:  ([mutex/lock_event])
[0x00007fc384008400] Threads_lock - owner thread: 0x00007fc38406b800
[0x00007fc384008900] Heap_lock - owner thread: 0x00007fc3841cb800

Heap
 PSYoungGen      total 318464K, used 315936K [0x00000000ec680000, 0x0000000100000000, 0x0000000100000000)
  eden space 315904K, 100% used [0x00000000ec680000,0x00000000ffb00000,0x00000000ffb00000)
  from space 2560K, 1% used [0x00000000ffd80000,0x00000000ffd88000,0x0000000100000000)
  to   space 2560K, 0% used [0x00000000ffb00000,0x00000000ffb00000,0x00000000ffd80000)
 ParOldGen       total 47104K, used 18194K [0x00000000c5400000, 0x00000000c8200000, 0x00000000ec680000)
  object space 47104K, 38% used [0x00000000c5400000,0x00000000c65c4b28,0x00000000c8200000)
 PSPermGen       total 29696K, used 14815K [0x00000000c0200000, 0x00000000c1f00000, 0x00000000c5400000)
  object space 29696K, 49% used [0x00000000c0200000,0x00000000c1077de8,0x00000000c1f00000)

Card table byte_map: [0x00007fc389847000,0x00007fc389a47000] byte_map_base: 0x00007fc389246000

Polling page: 0x00007fc38d39a000

Code Cache  [0x00007fc381000000, 0x00007fc381270000, 0x00007fc384000000)
 total_blobs=715 nmethods=211 adapters=466 free_code_cache=48050Kb largest_free_block=49173760

Compilation events (10 events):
Event: 45,322 Thread 0x00007fc3840a7800 nmethod 205 0x00007fc381101050 code [0x00007fc3811011e0, 0x00007fc381101608]
Event: 45,322 Thread 0x00007fc3840a7800  209             java.text.DateFormatSymbols::getProviderInstance (34 bytes)
Event: 45,334 Thread 0x00007fc3840a7800 nmethod 209 0x00007fc381111b50 code [0x00007fc381111d00, 0x00007fc381112118]
Event: 45,334 Thread 0x00007fc3840a7800  210             java.text.DateFormatSymbols::getCachedInstance (100 bytes)
Event: 45,365 Thread 0x00007fc3840a7800 nmethod 210 0x00007fc381119f90 code [0x00007fc38111a140, 0x00007fc38111a528]
Event: 45,365 Thread 0x00007fc3840a7800  211 %           Controlador.UsuarioController::listAllUSuarios @ 18 (54 bytes)
Event: 45,366 Thread 0x00007fc3840a4800 nmethod 208 0x00007fc3811188d0 code [0x00007fc381118ae0, 0x00007fc3811192e0]
Event: 45,376 Thread 0x00007fc3840a7800 nmethod 211% 0x00007fc381113590 code [0x00007fc381113740, 0x00007fc381113d18]
Event: 64,717 Thread 0x00007fc3840a4800  212             sun.awt.X11.XWindow::getModifiers (251 bytes)
Event: 64,971 Thread 0x00007fc3840a4800 nmethod 212 0x00007fc381118490 code [0x00007fc3811185e0, 0x00007fc381118848]

GC Heap History (10 events):
Event: 64,495 GC heap before
{Heap before GC invocations=27 (full 1):
 PSYoungGen      total 317952K, used 64K [0x00000000ec680000, 0x0000000100000000, 0x0000000100000000)
  eden space 314880K, 0% used [0x00000000ec680000,0x00000000ec680000,0x00000000ffa00000)
  from space 3072K, 2% used [0x00000000ffd00000,0x00000000ffd10000,0x0000000100000000)
  to   space 3072K, 0% used [0x00000000ffa00000,0x00000000ffa00000,0x00000000ffd00000)
 ParOldGen       total 56320K, used 45347K [0x00000000c5400000, 0x00000000c8b00000, 0x00000000ec680000)
  object space 56320K, 80% used [0x00000000c5400000,0x00000000c8048fe0,0x00000000c8b00000)
 PSPermGen       total 21504K, used 14819K [0x00000000c0200000, 0x00000000c1700000, 0x00000000c5400000)
  object space 21504K, 68% used [0x00000000c0200000,0x00000000c1078e48,0x00000000c1700000)
Event: 64,700 GC heap after
Heap after GC invocations=27 (full 1):
 PSYoungGen      total 317952K, used 0K [0x00000000ec680000, 0x0000000100000000, 0x0000000100000000)
  eden space 314880K, 0% used [0x00000000ec680000,0x00000000ec680000,0x00000000ffa00000)
  from space 3072K, 0% used [0x00000000ffd00000,0x00000000ffd00000,0x0000000100000000)
  to   space 3072K, 0% used [0x00000000ffa00000,0x00000000ffa00000,0x00000000ffd00000)
 ParOldGen       total 47104K, used 18170K [0x00000000c5400000, 0x00000000c8200000, 0x00000000ec680000)
  object space 47104K, 38% used [0x00000000c5400000,0x00000000c65beb28,0x00000000c8200000)
 PSPermGen       total 29696K, used 14813K [0x00000000c0200000, 0x00000000c1f00000, 0x00000000c5400000)
  object space 29696K, 49% used [0x00000000c0200000,0x00000000c10777b0,0x00000000c1f00000)
}
Event: 65,590 GC heap before
{Heap before GC invocations=28 (full 1):
 PSYoungGen      total 317952K, used 314880K [0x00000000ec680000, 0x0000000100000000, 0x0000000100000000)
  eden space 314880K, 100% used [0x00000000ec680000,0x00000000ffa00000,0x00000000ffa00000)
  from space 3072K, 0% used [0x00000000ffd00000,0x00000000ffd00000,0x0000000100000000)
  to   space 3072K, 0% used [0x00000000ffa00000,0x00000000ffa00000,0x00000000ffd00000)
 ParOldGen       total 47104K, used 18170K [0x00000000c5400000, 0x00000000c8200000, 0x00000000ec680000)
  object space 47104K, 38% used [0x00000000c5400000,0x00000000c65beb28,0x00000000c8200000)
 PSPermGen       total 29696K, used 14813K [0x00000000c0200000, 0x00000000c1f00000, 0x00000000c5400000)
  object space 29696K, 49% used [0x00000000c0200000,0x00000000c10777b0,0x00000000c1f00000)
Event: 65,610 GC heap after
Heap after GC invocations=28 (full 1):
 PSYoungGen      total 317952K, used 32K [0x00000000ec680000, 0x0000000100000000, 0x0000000100000000)
  eden space 314880K, 0% used [0x00000000ec680000,0x00000000ec680000,0x00000000ffa00000)
  from space 3072K, 1% used [0x00000000ffa00000,0x00000000ffa08000,0x00000000ffd00000)
  to   space 3072K, 0% used [0x00000000ffd00000,0x00000000ffd00000,0x0000000100000000)
 ParOldGen       total 47104K, used 18170K [0x00000000c5400000, 0x00000000c8200000, 0x00000000ec680000)
  object space 47104K, 38% used [0x00000000c5400000,0x00000000c65beb28,0x00000000c8200000)
 PSPermGen       total 29696K, used 14813K [0x00000000c0200000, 0x00000000c1f00000, 0x00000000c5400000)
  object space 29696K, 49% used [0x00000000c0200000,0x00000000c10777b0,0x00000000c1f00000)
}
Event: 66,514 GC heap before
{Heap before GC invocations=29 (full 1):
 PSYoungGen      total 317952K, used 314912K [0x00000000ec680000, 0x0000000100000000, 0x0000000100000000)
  eden space 314880K, 100% used [0x00000000ec680000,0x00000000ffa00000,0x00000000ffa00000)
  from space 3072K, 1% used [0x00000000ffa00000,0x00000000ffa08000,0x00000000ffd00000)
  to   space 3072K, 0% used [0x00000000ffd00000,0x00000000ffd00000,0x0000000100000000)
 ParOldGen       total 47104K, used 18170K [0x00000000c5400000, 0x00000000c8200000, 0x00000000ec680000)
  object space 47104K, 38% used [0x00000000c5400000,0x00000000c65beb28,0x00000000c8200000)
 PSPermGen       total 29696K, used 14813K [0x00000000c0200000, 0x00000000c1f00000, 0x00000000c5400000)
  object space 29696K, 49% used [0x00000000c0200000,0x00000000c10777b0,0x00000000c1f00000)
Event: 66,536 GC heap after
Heap after GC invocations=29 (full 1):
 PSYoungGen      total 316928K, used 64K [0x00000000ec680000, 0x00000000fff00000, 0x0000000100000000)
  eden space 314880K, 0% used [0x00000000ec680000,0x00000000ec680000,0x00000000ffa00000)
  from space 2048K, 3% used [0x00000000ffd00000,0x00000000ffd10000,0x00000000fff00000)
  to   space 2560K, 0% used [0x00000000ffa00000,0x00000000ffa00000,0x00000000ffc80000)
 ParOldGen       total 47104K, used 18186K [0x00000000c5400000, 0x00000000c8200000, 0x00000000ec680000)
  object space 47104K, 38% used [0x00000000c5400000,0x00000000c65c2b28,0x00000000c8200000)
 PSPermGen       total 29696K, used 14813K [0x00000000c0200000, 0x00000000c1f00000, 0x00000000c5400000)
  object space 29696K, 49% used [0x00000000c0200000,0x00000000c10777b0,0x00000000c1f00000)
}
Event: 67,417 GC heap before
{Heap before GC invocations=30 (full 1):
 PSYoungGen      total 316928K, used 314944K [0x00000000ec680000, 0x00000000fff00000, 0x0000000100000000)
  eden space 314880K, 100% used [0x00000000ec680000,0x00000000ffa00000,0x00000000ffa00000)
  from space 2048K, 3% used [0x00000000ffd00000,0x00000000ffd10000,0x00000000fff00000)
  to   space 2560K, 0% used [0x00000000ffa00000,0x00000000ffa00000,0x00000000ffc80000)
 ParOldGen       total 47104K, used 18186K [0x00000000c5400000, 0x00000000c8200000, 0x00000000ec680000)
  object space 47104K, 38% used [0x00000000c5400000,0x00000000c65c2b28,0x00000000c8200000)
 PSPermGen       total 29696K, used 14813K [0x00000000c0200000, 0x00000000c1f00000, 0x00000000c5400000)
  object space 29696K, 49% used [0x00000000c0200000,0x00000000c10777b0,0x00000000c1f00000)
Event: 67,440 GC heap after
Heap after GC invocations=30 (full 1):
 PSYoungGen      total 317440K, used 32K [0x00000000ec680000, 0x0000000100000000, 0x0000000100000000)
  eden space 314880K, 0% used [0x00000000ec680000,0x00000000ec680000,0x00000000ffa00000)
  from space 2560K, 1% used [0x00000000ffa00000,0x00000000ffa08000,0x00000000ffc80000)
  to   space 2560K, 0% used [0x00000000ffd80000,0x00000000ffd80000,0x0000000100000000)
 ParOldGen       total 47104K, used 18194K [0x00000000c5400000, 0x00000000c8200000, 0x00000000ec680000)
  object space 47104K, 38% used [0x00000000c5400000,0x00000000c65c4b28,0x00000000c8200000)
 PSPermGen       total 29696K, used 14813K [0x00000000c0200000, 0x00000000c1f00000, 0x00000000c5400000)
  object space 29696K, 49% used [0x00000000c0200000,0x00000000c10777b0,0x00000000c1f00000)
}
Event: 68,313 GC heap before
{Heap before GC invocations=31 (full 1):
 PSYoungGen      total 317440K, used 314912K [0x00000000ec680000, 0x0000000100000000, 0x0000000100000000)
  eden space 314880K, 100% used [0x00000000ec680000,0x00000000ffa00000,0x00000000ffa00000)
  from space 2560K, 1% used [0x00000000ffa00000,0x00000000ffa08000,0x00000000ffc80000)
  to   space 2560K, 0% used [0x00000000ffd80000,0x00000000ffd80000,0x0000000100000000)
 ParOldGen       total 47104K, used 18194K [0x00000000c5400000, 0x00000000c8200000, 0x00000000ec680000)
  object space 47104K, 38% used [0x00000000c5400000,0x00000000c65c4b28,0x00000000c8200000)
 PSPermGen       total 29696K, used 14813K [0x00000000c0200000, 0x00000000c1f00000, 0x00000000c5400000)
  object space 29696K, 49% used [0x00000000c0200000,0x00000000c10777b0,0x00000000c1f00000)
Event: 68,339 GC heap after
Heap after GC invocations=31 (full 1):
 PSYoungGen      total 318464K, used 32K [0x00000000ec680000, 0x0000000100000000, 0x0000000100000000)
  eden space 315904K, 0% used [0x00000000ec680000,0x00000000ec680000,0x00000000ffb00000)
  from space 2560K, 1% used [0x00000000ffd80000,0x00000000ffd88000,0x0000000100000000)
  to   space 2560K, 0% used [0x00000000ffb00000,0x00000000ffb00000,0x00000000ffd80000)
 ParOldGen       total 47104K, used 18194K [0x00000000c5400000, 0x00000000c8200000, 0x00000000ec680000)
  object space 47104K, 38% used [0x00000000c5400000,0x00000000c65c4b28,0x00000000c8200000)
 PSPermGen       total 29696K, used 14813K [0x00000000c0200000, 0x00000000c1f00000, 0x00000000c5400000)
  object space 29696K, 49% used [0x00000000c0200000,0x00000000c10777b0,0x00000000c1f00000)
}

Deoptimization events (8 events):
Event: 0,750 Thread 0x00007fc3841cb800 Uncommon trap: reason=class_check action=maybe_recompile pc=0x00007fc38107fa44 method=java.util.Properties$LineReader.readLine()I @ 62
Event: 0,757 Thread 0x00007fc3841cb800 Uncommon trap: reason=class_check action=maybe_recompile pc=0x00007fc38107fa44 method=java.util.Properties$LineReader.readLine()I @ 62
Event: 0,758 Thread 0x00007fc3841cb800 Uncommon trap: reason=class_check action=maybe_recompile pc=0x00007fc38107fa44 method=java.util.Properties$LineReader.readLine()I @ 62
Event: 0,760 Thread 0x00007fc3841cb800 Uncommon trap: reason=class_check action=maybe_recompile pc=0x00007fc38107fa44 method=java.util.Properties$LineReader.readLine()I @ 62
Event: 1,606 Thread 0x00007fc3841cb800 Uncommon trap: reason=class_check action=maybe_recompile pc=0x00007fc38107952c method=java.lang.String.equals(Ljava/lang/Object;)Z @ 8
Event: 1,606 Thread 0x00007fc3841cb800 Uncommon trap: reason=class_check action=maybe_recompile pc=0x00007fc38107952c method=java.lang.String.equals(Ljava/lang/Object;)Z @ 8
Event: 1,606 Thread 0x00007fc3841cb800 Uncommon trap: reason=class_check action=maybe_recompile pc=0x00007fc38107952c method=java.lang.String.equals(Ljava/lang/Object;)Z @ 8
Event: 44,225 Thread 0x00007fc3841cb800 Uncommon trap: reason=null_check action=make_not_entrant pc=0x00007fc3810c8458 method=java.text.SimpleDateFormat.checkNegativeNumberExpression()V @ 40

Internal exceptions (10 events):
Event: 2,340 Thread 0x00007fc3841cb800 Threw 0x00000000ecc51038 at /HUDSON/workspace/7u-2-build-linux-amd64/jdk7u75/1940/hotspot/src/share/vm/prims/jvm.cpp:1281
Event: 2,396 Thread 0x00007fc3841cb800 Threw 0x00000000ecc84268 at /HUDSON/workspace/7u-2-build-linux-amd64/jdk7u75/1940/hotspot/src/share/vm/prims/jvm.cpp:1281
Event: 2,425 Thread 0x00007fc3841cb800 Threw 0x00000000ecca0340 at /HUDSON/workspace/7u-2-build-linux-amd64/jdk7u75/1940/hotspot/src/share/vm/prims/jvm.cpp:1281
Event: 2,432 Thread 0x00007fc3841cb800 Threw 0x00000000eccaa3f0 at /HUDSON/workspace/7u-2-build-linux-amd64/jdk7u75/1940/hotspot/src/share/vm/prims/jvm.cpp:1281
Event: 2,496 Thread 0x00007fc3841cb800 Threw 0x00000000ecd09d20 at /HUDSON/workspace/7u-2-build-linux-amd64/jdk7u75/1940/hotspot/src/share/vm/prims/jvm.cpp:1281
Event: 2,500 Thread 0x00007fc3841cb800 Threw 0x00000000ecd11b00 at /HUDSON/workspace/7u-2-build-linux-amd64/jdk7u75/1940/hotspot/src/share/vm/prims/jvm.cpp:1281
Event: 4,564 Thread 0x00007fc3841cb800 Threw 0x00000000ecd784f0 at /HUDSON/workspace/7u-2-build-linux-amd64/jdk7u75/1940/hotspot/src/share/vm/prims/jvm.cpp:1281
Event: 5,394 Thread 0x00007fc3841cb800 Threw 0x00000000ecdce510 at /HUDSON/workspace/7u-2-build-linux-amd64/jdk7u75/1940/hotspot/src/share/vm/prims/jni.cpp:743
Event: 8,998 Thread 0x00007fc3841cb800 Threw 0x00000000ece69198 at /HUDSON/workspace/7u-2-build-linux-amd64/jdk7u75/1940/hotspot/src/share/vm/prims/jni.cpp:743
Event: 44,225 Thread 0x00007fc3841cb800 Implicit null exception at 0x00007fc3810c7a2f to 0x00007fc3810c8441

Events (10 events):
Event: 66,514 Executing VM operation: ParallelGCFailedAllocation
Event: 66,537 Executing VM operation: ParallelGCFailedAllocation done
Event: 67,417 Executing VM operation: ParallelGCFailedAllocation
Event: 67,440 Executing VM operation: ParallelGCFailedAllocation done
Event: 68,313 Executing VM operation: ParallelGCFailedAllocation
Event: 68,339 Executing VM operation: ParallelGCFailedAllocation done
Event: 68,884 Thread 0x00007fc354001000 Thread exited: 0x00007fc354001000
Event: 68,946 loading class 0x00007fc3890a6080
Event: 69,152 loading class 0x00007fc3890a6080 done
Event: 69,232 Executing VM operation: ParallelGCFailedAllocation


Dynamic libraries:
00400000-00401000 r-xp 00000000 08:01 1185035                            /usr/lib/jvm/bin/java
00600000-00601000 rw-p 00000000 08:01 1185035                            /usr/lib/jvm/bin/java
0153b000-0155c000 rw-p 00000000 00:00 0                                  [heap]
c0200000-c1f00000 rw-p 00000000 00:00 0 
c1f00000-c5400000 rw-p 00000000 00:00 0 
c5400000-c8200000 rw-p 00000000 00:00 0 
c8200000-c8b00000 ---p 00000000 00:00 0 
c8b00000-ec680000 rw-p 00000000 00:00 0 
ec680000-100000000 rw-p 00000000 00:00 0 
7fc320000000-7fc320021000 rw-p 00000000 00:00 0 
7fc320021000-7fc324000000 ---p 00000000 00:00 0 
7fc328000000-7fc328021000 rw-p 00000000 00:00 0 
7fc328021000-7fc32c000000 ---p 00000000 00:00 0 
7fc32c000000-7fc32c3da000 rw-p 00000000 00:00 0 
7fc32c3da000-7fc330000000 ---p 00000000 00:00 0 
7fc3333c9000-7fc3333cc000 ---p 00000000 00:00 0 
7fc3333cc000-7fc3334ca000 rw-p 00000000 00:00 0                          [stack:16608]
7fc3334ca000-7fc333533000 r-xp 00000000 08:01 1183904                    /usr/lib/jvm/jre/lib/amd64/libt2k.so
7fc333533000-7fc333732000 ---p 00069000 08:01 1183904                    /usr/lib/jvm/jre/lib/amd64/libt2k.so
7fc333732000-7fc333739000 rw-p 00068000 08:01 1183904                    /usr/lib/jvm/jre/lib/amd64/libt2k.so
7fc333739000-7fc333749000 rw-p 00000000 00:00 0 
7fc333749000-7fc333759000 r-xp 00000000 08:01 1183861                    /usr/lib/jvm/jre/lib/amd64/libnio.so
7fc333759000-7fc333959000 ---p 00010000 08:01 1183861                    /usr/lib/jvm/jre/lib/amd64/libnio.so
7fc333959000-7fc33395a000 rw-p 00010000 08:01 1183861                    /usr/lib/jvm/jre/lib/amd64/libnio.so
7fc33395a000-7fc333970000 r-xp 00000000 08:01 1183895                    /usr/lib/jvm/jre/lib/amd64/libnet.so
7fc333970000-7fc333b70000 ---p 00016000 08:01 1183895                    /usr/lib/jvm/jre/lib/amd64/libnet.so
7fc333b70000-7fc333b71000 rw-p 00016000 08:01 1183895                    /usr/lib/jvm/jre/lib/amd64/libnet.so
7fc333b71000-7fc333b87000 r-xp 00000000 08:01 135035                     /lib/x86_64-linux-gnu/libgcc_s.so.1
7fc333b87000-7fc333d86000 ---p 00016000 08:01 135035                     /lib/x86_64-linux-gnu/libgcc_s.so.1
7fc333d86000-7fc333d87000 rw-p 00015000 08:01 135035                     /lib/x86_64-linux-gnu/libgcc_s.so.1
7fc333d87000-7fc333dec000 r-xp 00000000 08:01 1183859                    /usr/lib/jvm/jre/lib/amd64/libfontmanager.so
7fc333dec000-7fc333feb000 ---p 00065000 08:01 1183859                    /usr/lib/jvm/jre/lib/amd64/libfontmanager.so
7fc333feb000-7fc333fef000 rw-p 00064000 08:01 1183859                    /usr/lib/jvm/jre/lib/amd64/libfontmanager.so
7fc333fef000-7fc334000000 rw-p 00000000 00:00 0 
7fc334000000-7fc334021000 rw-p 00000000 00:00 0 
7fc334021000-7fc338000000 ---p 00000000 00:00 0 
7fc338000000-7fc338021000 rw-p 00000000 00:00 0 
7fc338021000-7fc33c000000 ---p 00000000 00:00 0 
7fc33c000000-7fc33c021000 rw-p 00000000 00:00 0 
7fc33c021000-7fc340000000 ---p 00000000 00:00 0 
7fc340000000-7fc340021000 rw-p 00000000 00:00 0 
7fc340021000-7fc344000000 ---p 00000000 00:00 0 
7fc344000000-7fc34476e000 rw-p 00000000 00:00 0 
7fc34476e000-7fc348000000 ---p 00000000 00:00 0 
7fc348000000-7fc348021000 rw-p 00000000 00:00 0 
7fc348021000-7fc34c000000 ---p 00000000 00:00 0 
7fc34c000000-7fc34c021000 rw-p 00000000 00:00 0 
7fc34c021000-7fc350000000 ---p 00000000 00:00 0 
7fc350000000-7fc3506bd000 rw-p 00000000 00:00 0 
7fc3506bd000-7fc354000000 ---p 00000000 00:00 0 
7fc354000000-7fc35402c000 rw-p 00000000 00:00 0 
7fc35402c000-7fc358000000 ---p 00000000 00:00 0 
7fc358000000-7fc358021000 rw-p 00000000 00:00 0 
7fc358021000-7fc35c000000 ---p 00000000 00:00 0 
7fc35c000000-7fc35c021000 rw-p 00000000 00:00 0 
7fc35c021000-7fc360000000 ---p 00000000 00:00 0 
7fc360000000-7fc360021000 rw-p 00000000 00:00 0 
7fc360021000-7fc364000000 ---p 00000000 00:00 0 
7fc364000000-7fc364271000 rw-p 00000000 00:00 0 
7fc364271000-7fc368000000 ---p 00000000 00:00 0 
7fc368000000-7fc368021000 rw-p 00000000 00:00 0 
7fc368021000-7fc36c000000 ---p 00000000 00:00 0 
7fc36c000000-7fc36c021000 rw-p 00000000 00:00 0 
7fc36c021000-7fc370000000 ---p 00000000 00:00 0 
7fc370044000-7fc370047000 ---p 00000000 00:00 0 
7fc370047000-7fc370145000 rw-p 00000000 00:00 0 
7fc370145000-7fc370148000 ---p 00000000 00:00 0 
7fc370148000-7fc370246000 rw-p 00000000 00:00 0                          [stack:16591]
7fc370246000-7fc370249000 ---p 00000000 00:00 0 
7fc370249000-7fc370347000 rw-p 00000000 00:00 0                          [stack:16590]
7fc370347000-7fc37034a000 ---p 00000000 00:00 0 
7fc37034a000-7fc370448000 rw-p 00000000 00:00 0                          [stack:16589]
7fc370448000-7fc37044d000 r-xp 00000000 08:01 14819716                   /usr/lib/x86_64-linux-gnu/libXfixes.so.3.1.0
7fc37044d000-7fc37064c000 ---p 00005000 08:01 14819716                   /usr/lib/x86_64-linux-gnu/libXfixes.so.3.1.0
7fc37064c000-7fc37064d000 r--p 00004000 08:01 14819716                   /usr/lib/x86_64-linux-gnu/libXfixes.so.3.1.0
7fc37064d000-7fc37064e000 rw-p 00005000 08:01 14819716                   /usr/lib/x86_64-linux-gnu/libXfixes.so.3.1.0
7fc37064e000-7fc370657000 r-xp 00000000 08:01 14818956                   /usr/lib/x86_64-linux-gnu/libXcursor.so.1.0.2
7fc370657000-7fc370856000 ---p 00009000 08:01 14818956                   /usr/lib/x86_64-linux-gnu/libXcursor.so.1.0.2
7fc370856000-7fc370857000 r--p 00008000 08:01 14818956                   /usr/lib/x86_64-linux-gnu/libXcursor.so.1.0.2
7fc370857000-7fc370858000 rw-p 00009000 08:01 14818956                   /usr/lib/x86_64-linux-gnu/libXcursor.so.1.0.2
7fc370858000-7fc37085b000 ---p 00000000 00:00 0 
7fc37085b000-7fc370959000 rw-p 00000000 00:00 0                          [stack:16588]
7fc370959000-7fc37095e000 r-xp 00000000 08:01 14818960                   /usr/lib/x86_64-linux-gnu/libXdmcp.so.6.0.0
7fc37095e000-7fc370b5d000 ---p 00005000 08:01 14818960                   /usr/lib/x86_64-linux-gnu/libXdmcp.so.6.0.0
7fc370b5d000-7fc370b5e000 r--p 00004000 08:01 14818960                   /usr/lib/x86_64-linux-gnu/libXdmcp.so.6.0.0
7fc370b5e000-7fc370b5f000 rw-p 00005000 08:01 14818960                   /usr/lib/x86_64-linux-gnu/libXdmcp.so.6.0.0
7fc370b5f000-7fc370b61000 r-xp 00000000 08:01 14818949                   /usr/lib/x86_64-linux-gnu/libXau.so.6.0.0
7fc370b61000-7fc370d61000 ---p 00002000 08:01 14818949                   /usr/lib/x86_64-linux-gnu/libXau.so.6.0.0
7fc370d61000-7fc370d62000 r--p 00002000 08:01 14818949                   /usr/lib/x86_64-linux-gnu/libXau.so.6.0.0
7fc370d62000-7fc370d63000 rw-p 00003000 08:01 14818949                   /usr/lib/x86_64-linux-gnu/libXau.so.6.0.0
7fc370d63000-7fc370d80000 r-xp 00000000 08:01 14820019                   /usr/lib/x86_64-linux-gnu/libxcb.so.1.1.0
7fc370d80000-7fc370f80000 ---p 0001d000 08:01 14820019                   /usr/lib/x86_64-linux-gnu/libxcb.so.1.1.0
7fc370f80000-7fc370f81000 r--p 0001d000 08:01 14820019                   /usr/lib/x86_64-linux-gnu/libxcb.so.1.1.0
7fc370f81000-7fc370f82000 rw-p 0001e000 08:01 14820019                   /usr/lib/x86_64-linux-gnu/libxcb.so.1.1.0
7fc370f82000-7fc370f91000 r-xp 00000000 08:01 14821521                   /usr/lib/x86_64-linux-gnu/libXi.so.6.1.0
7fc370f91000-7fc371190000 ---p 0000f000 08:01 14821521                   /usr/lib/x86_64-linux-gnu/libXi.so.6.1.0
7fc371190000-7fc371191000 r--p 0000e000 08:01 14821521                   /usr/lib/x86_64-linux-gnu/libXi.so.6.1.0
7fc371191000-7fc371192000 rw-p 0000f000 08:01 14821521                   /usr/lib/x86_64-linux-gnu/libXi.so.6.1.0
7fc371192000-7fc371197000 r-xp 00000000 08:01 14818990                   /usr/lib/x86_64-linux-gnu/libXtst.so.6.1.0
7fc371197000-7fc371396000 ---p 00005000 08:01 14818990                   /usr/lib/x86_64-linux-gnu/libXtst.so.6.1.0
7fc371396000-7fc371397000 r--p 00004000 08:01 14818990                   /usr/lib/x86_64-linux-gnu/libXtst.so.6.1.0
7fc371397000-7fc371398000 rw-p 00005000 08:01 14818990                   /usr/lib/x86_64-linux-gnu/libXtst.so.6.1.0
7fc371398000-7fc3713a1000 r-xp 00000000 08:01 14821517                   /usr/lib/x86_64-linux-gnu/libXrender.so.1.3.0
7fc3713a1000-7fc3715a0000 ---p 00009000 08:01 14821517                   /usr/lib/x86_64-linux-gnu/libXrender.so.1.3.0
7fc3715a0000-7fc3715a1000 r--p 00008000 08:01 14821517                   /usr/lib/x86_64-linux-gnu/libXrender.so.1.3.0
7fc3715a1000-7fc3715a2000 rw-p 00009000 08:01 14821517                   /usr/lib/x86_64-linux-gnu/libXrender.so.1.3.0
7fc3715a2000-7fc3716d2000 r-xp 00000000 08:01 14818945                   /usr/lib/x86_64-linux-gnu/libX11.so.6.3.0
7fc3716d2000-7fc3718d2000 ---p 00130000 08:01 14818945                   /usr/lib/x86_64-linux-gnu/libX11.so.6.3.0
7fc3718d2000-7fc3718d3000 r--p 00130000 08:01 14818945                   /usr/lib/x86_64-linux-gnu/libX11.so.6.3.0
7fc3718d3000-7fc3718d7000 rw-p 00131000 08:01 14818945                   /usr/lib/x86_64-linux-gnu/libX11.so.6.3.0
7fc3718d7000-7fc3718e8000 r-xp 00000000 08:01 14819172                   /usr/lib/x86_64-linux-gnu/libXext.so.6.4.0
7fc3718e8000-7fc371ae7000 ---p 00011000 08:01 14819172                   /usr/lib/x86_64-linux-gnu/libXext.so.6.4.0
7fc371ae7000-7fc371ae8000 r--p 00010000 08:01 14819172                   /usr/lib/x86_64-linux-gnu/libXext.so.6.4.0
7fc371ae8000-7fc371ae9000 rw-p 00011000 08:01 14819172                   /usr/lib/x86_64-linux-gnu/libXext.so.6.4.0
7fc371ae9000-7fc371b39000 r-xp 00000000 08:01 1183874                    /usr/lib/jvm/jre/lib/amd64/xawt/libmawt.so
7fc371b39000-7fc371d39000 ---p 00050000 08:01 1183874                    /usr/lib/jvm/jre/lib/amd64/xawt/libmawt.so
7fc371d39000-7fc371d3d000 rw-p 00050000 08:01 1183874                    /usr/lib/jvm/jre/lib/amd64/xawt/libmawt.so
7fc371d3d000-7fc371d3e000 rw-p 00000000 00:00 0 
7fc371d3e000-7fc371de0000 r-xp 00000000 08:01 1183894                    /usr/lib/jvm/jre/lib/amd64/libawt.so
7fc371de0000-7fc371fe0000 ---p 000a2000 08:01 1183894                    /usr/lib/jvm/jre/lib/amd64/libawt.so
7fc371fe0000-7fc371fec000 rw-p 000a2000 08:01 1183894                    /usr/lib/jvm/jre/lib/amd64/libawt.so
7fc371fec000-7fc374000000 rw-p 00000000 00:00 0 
7fc374000000-7fc374021000 rw-p 00000000 00:00 0 
7fc374021000-7fc378000000 ---p 00000000 00:00 0 
7fc378000000-7fc378021000 rw-p 00000000 00:00 0 
7fc378021000-7fc37c000000 ---p 00000000 00:00 0 
7fc37c000000-7fc37c021000 rw-p 00000000 00:00 0 
7fc37c021000-7fc380000000 ---p 00000000 00:00 0 
7fc3800b4000-7fc3800be000 r--s 00251000 08:01 1183938                    /usr/lib/jvm/jre/lib/resources.jar
7fc3800be000-7fc3800ef000 rw-p 00000000 00:00 0 
7fc3800ef000-7fc3800f0000 ---p 00000000 00:00 0 
7fc3800f0000-7fc3801f0000 rw-p 00000000 00:00 0                          [stack:16586]
7fc3801f0000-7fc3801f3000 ---p 00000000 00:00 0 
7fc3801f3000-7fc3802f1000 rw-p 00000000 00:00 0                          [stack:16585]
7fc3802f1000-7fc3802f4000 ---p 00000000 00:00 0 
7fc3802f4000-7fc3803f2000 rw-p 00000000 00:00 0                          [stack:16584]
7fc3803f2000-7fc3803f5000 ---p 00000000 00:00 0 
7fc3803f5000-7fc3804f3000 rw-p 00000000 00:00 0                          [stack:16583]
7fc3804f3000-7fc3804f6000 ---p 00000000 00:00 0 
7fc3804f6000-7fc3805f4000 rw-p 00000000 00:00 0 
7fc3805f4000-7fc3805f7000 ---p 00000000 00:00 0 
7fc3805f7000-7fc3806f5000 rw-p 00000000 00:00 0                          [stack:16578]
7fc3806f5000-7fc3806f8000 ---p 00000000 00:00 0 
7fc3806f8000-7fc3807f6000 rw-p 00000000 00:00 0                          [stack:16576]
7fc3807f6000-7fc3807fa000 r-xp 00000000 08:01 1183907                    /usr/lib/jvm/jre/lib/amd64/libdt_socket.so
7fc3807fa000-7fc3809f9000 ---p 00004000 08:01 1183907                    /usr/lib/jvm/jre/lib/amd64/libdt_socket.so
7fc3809f9000-7fc3809fa000 rw-p 00003000 08:01 1183907                    /usr/lib/jvm/jre/lib/amd64/libdt_socket.so
7fc3809fa000-7fc3809fd000 ---p 00000000 00:00 0 
7fc3809fd000-7fc380afb000 rw-p 00000000 00:00 0                          [stack:16574]
7fc380afb000-7fc380afe000 ---p 00000000 00:00 0 
7fc380afe000-7fc380bfc000 rw-p 00000000 00:00 0                          [stack:16572]
7fc380bfc000-7fc380bff000 ---p 00000000 00:00 0 
7fc380bff000-7fc380cfd000 rw-p 00000000 00:00 0                          [stack:16571]
7fc380cfd000-7fc380cfe000 ---p 00000000 00:00 0 
7fc380cfe000-7fc381000000 rw-p 00000000 00:00 0                          [stack:16570]
7fc381000000-7fc381270000 rwxp 00000000 00:00 0 
7fc381270000-7fc3841d0000 rw-p 00000000 00:00 0 
7fc3841d0000-7fc388000000 ---p 00000000 00:00 0 
7fc388002000-7fc388006000 rw-s 00000000 00:04 13729833                   /SYSV00000000 (deleted)
7fc388006000-7fc38802c000 r--p 00000000 08:01 16134447                   /usr/share/locale-langpack/es/LC_MESSAGES/libc.mo
7fc38802c000-7fc388e29000 rw-p 00000000 00:00 0 
7fc388e29000-7fc388fe8000 r--s 039eb000 08:01 1184547                    /usr/lib/jvm/jre/lib/rt.jar
7fc388fe8000-7fc3892e0000 rw-p 00000000 00:00 0 
7fc3892e0000-7fc3892e1000 ---p 00000000 00:00 0 
7fc3892e1000-7fc3893e1000 rw-p 00000000 00:00 0                          [stack:16568]
7fc3893e1000-7fc3893e2000 ---p 00000000 00:00 0 
7fc3893e2000-7fc3894e2000 rw-p 00000000 00:00 0                          [stack:16567]
7fc3894e2000-7fc3894e3000 ---p 00000000 00:00 0 
7fc3894e3000-7fc3895e3000 rw-p 00000000 00:00 0                          [stack:16566]
7fc3895e3000-7fc3895e4000 ---p 00000000 00:00 0 
7fc3895e4000-7fc3896f3000 rw-p 00000000 00:00 0                          [stack:16565]
7fc3896f3000-7fc38970d000 rw-p 00000000 00:00 0 
7fc38970d000-7fc389724000 rw-p 00000000 00:00 0 
7fc389724000-7fc389729000 ---p 00000000 00:00 0 
7fc389729000-7fc389847000 rw-p 00000000 00:00 0 
7fc389847000-7fc389856000 rw-p 00000000 00:00 0 
7fc389856000-7fc389870000 rw-p 00000000 00:00 0 
7fc389870000-7fc389887000 rw-p 00000000 00:00 0 
7fc389887000-7fc38988c000 ---p 00000000 00:00 0 
7fc38988c000-7fc3899a9000 rw-p 00000000 00:00 0 
7fc3899a9000-7fc389a46000 rw-p 00000000 00:00 0 
7fc389a46000-7fc389a47000 rw-p 00000000 00:00 0 
7fc389a47000-7fc389a61000 r-xp 00000000 08:01 1183890                    /usr/lib/jvm/jre/lib/amd64/libzip.so
7fc389a61000-7fc389c61000 ---p 0001a000 08:01 1183890                    /usr/lib/jvm/jre/lib/amd64/libzip.so
7fc389c61000-7fc389c62000 rw-p 0001a000 08:01 1183890                    /usr/lib/jvm/jre/lib/amd64/libzip.so
7fc389c62000-7fc389c6d000 r-xp 00000000 08:01 131091                     /lib/x86_64-linux-gnu/libnss_files-2.19.so
7fc389c6d000-7fc389e6c000 ---p 0000b000 08:01 131091                     /lib/x86_64-linux-gnu/libnss_files-2.19.so
7fc389e6c000-7fc389e6d000 r--p 0000a000 08:01 131091                     /lib/x86_64-linux-gnu/libnss_files-2.19.so
7fc389e6d000-7fc389e6e000 rw-p 0000b000 08:01 131091                     /lib/x86_64-linux-gnu/libnss_files-2.19.so
7fc389e6e000-7fc389e79000 r-xp 00000000 08:01 134988                     /lib/x86_64-linux-gnu/libnss_nis-2.19.so
7fc389e79000-7fc38a078000 ---p 0000b000 08:01 134988                     /lib/x86_64-linux-gnu/libnss_nis-2.19.so
7fc38a078000-7fc38a079000 r--p 0000a000 08:01 134988                     /lib/x86_64-linux-gnu/libnss_nis-2.19.so
7fc38a079000-7fc38a07a000 rw-p 0000b000 08:01 134988                     /lib/x86_64-linux-gnu/libnss_nis-2.19.so
7fc38a07a000-7fc38a091000 r-xp 00000000 08:01 131166                     /lib/x86_64-linux-gnu/libnsl-2.19.so
7fc38a091000-7fc38a290000 ---p 00017000 08:01 131166                     /lib/x86_64-linux-gnu/libnsl-2.19.so
7fc38a290000-7fc38a291000 r--p 00016000 08:01 131166                     /lib/x86_64-linux-gnu/libnsl-2.19.so
7fc38a291000-7fc38a292000 rw-p 00017000 08:01 131166                     /lib/x86_64-linux-gnu/libnsl-2.19.so
7fc38a292000-7fc38a294000 rw-p 00000000 00:00 0 
7fc38a294000-7fc38a29d000 r-xp 00000000 08:01 131165                     /lib/x86_64-linux-gnu/libnss_compat-2.19.so
7fc38a29d000-7fc38a49c000 ---p 00009000 08:01 131165                     /lib/x86_64-linux-gnu/libnss_compat-2.19.so
7fc38a49c000-7fc38a49d000 r--p 00008000 08:01 131165                     /lib/x86_64-linux-gnu/libnss_compat-2.19.so
7fc38a49d000-7fc38a49e000 rw-p 00009000 08:01 131165                     /lib/x86_64-linux-gnu/libnss_compat-2.19.so
7fc38a49e000-7fc38ab80000 r--p 00000000 08:01 14817951                   /usr/lib/locale/locale-archive
7fc38ab80000-7fc38ab83000 r-xp 00000000 08:01 1183912                    /usr/lib/jvm/jre/lib/amd64/libnpt.so
7fc38ab83000-7fc38ad82000 ---p 00003000 08:01 1183912                    /usr/lib/jvm/jre/lib/amd64/libnpt.so
7fc38ad82000-7fc38ad83000 rw-p 00002000 08:01 1183912                    /usr/lib/jvm/jre/lib/amd64/libnpt.so
7fc38ad83000-7fc38adbc000 r-xp 00000000 08:01 1183863                    /usr/lib/jvm/jre/lib/amd64/libjdwp.so
7fc38adbc000-7fc38afbc000 ---p 00039000 08:01 1183863                    /usr/lib/jvm/jre/lib/amd64/libjdwp.so
7fc38afbc000-7fc38afbd000 rw-p 00039000 08:01 1183863                    /usr/lib/jvm/jre/lib/amd64/libjdwp.so
7fc38afbd000-7fc38afbe000 rw-p 00000000 00:00 0 
7fc38afbe000-7fc38afe7000 r-xp 00000000 08:01 1183856                    /usr/lib/jvm/jre/lib/amd64/libjava.so
7fc38afe7000-7fc38b1e7000 ---p 00029000 08:01 1183856                    /usr/lib/jvm/jre/lib/amd64/libjava.so
7fc38b1e7000-7fc38b1e9000 rw-p 00029000 08:01 1183856                    /usr/lib/jvm/jre/lib/amd64/libjava.so
7fc38b1e9000-7fc38b1f6000 r-xp 00000000 08:01 1183883                    /usr/lib/jvm/jre/lib/amd64/libverify.so
7fc38b1f6000-7fc38b3f5000 ---p 0000d000 08:01 1183883                    /usr/lib/jvm/jre/lib/amd64/libverify.so
7fc38b3f5000-7fc38b3f7000 rw-p 0000c000 08:01 1183883                    /usr/lib/jvm/jre/lib/amd64/libverify.so
7fc38b3f7000-7fc38b3fe000 r-xp 00000000 08:01 131174                     /lib/x86_64-linux-gnu/librt-2.19.so
7fc38b3fe000-7fc38b5fd000 ---p 00007000 08:01 131174                     /lib/x86_64-linux-gnu/librt-2.19.so
7fc38b5fd000-7fc38b5fe000 r--p 00006000 08:01 131174                     /lib/x86_64-linux-gnu/librt-2.19.so
7fc38b5fe000-7fc38b5ff000 rw-p 00007000 08:01 131174                     /lib/x86_64-linux-gnu/librt-2.19.so
7fc38b5ff000-7fc38b704000 r-xp 00000000 08:01 131087                     /lib/x86_64-linux-gnu/libm-2.19.so
7fc38b704000-7fc38b903000 ---p 00105000 08:01 131087                     /lib/x86_64-linux-gnu/libm-2.19.so
7fc38b903000-7fc38b904000 r--p 00104000 08:01 131087                     /lib/x86_64-linux-gnu/libm-2.19.so
7fc38b904000-7fc38b905000 rw-p 00105000 08:01 131087                     /lib/x86_64-linux-gnu/libm-2.19.so
7fc38b905000-7fc38c478000 r-xp 00000000 08:01 1183910                    /usr/lib/jvm/jre/lib/amd64/server/libjvm.so
7fc38c478000-7fc38c678000 ---p 00b73000 08:01 1183910                    /usr/lib/jvm/jre/lib/amd64/server/libjvm.so
7fc38c678000-7fc38c73c000 rw-p 00b73000 08:01 1183910                    /usr/lib/jvm/jre/lib/amd64/server/libjvm.so
7fc38c73c000-7fc38c77d000 rw-p 00000000 00:00 0 
7fc38c77d000-7fc38c938000 r-xp 00000000 08:01 131171                     /lib/x86_64-linux-gnu/libc-2.19.so
7fc38c938000-7fc38cb37000 ---p 001bb000 08:01 131171                     /lib/x86_64-linux-gnu/libc-2.19.so
7fc38cb37000-7fc38cb3b000 r--p 001ba000 08:01 131171                     /lib/x86_64-linux-gnu/libc-2.19.so
7fc38cb3b000-7fc38cb3d000 rw-p 001be000 08:01 131171                     /lib/x86_64-linux-gnu/libc-2.19.so
7fc38cb3d000-7fc38cb42000 rw-p 00000000 00:00 0 
7fc38cb42000-7fc38cb45000 r-xp 00000000 08:01 131102                     /lib/x86_64-linux-gnu/libdl-2.19.so
7fc38cb45000-7fc38cd44000 ---p 00003000 08:01 131102                     /lib/x86_64-linux-gnu/libdl-2.19.so
7fc38cd44000-7fc38cd45000 r--p 00002000 08:01 131102                     /lib/x86_64-linux-gnu/libdl-2.19.so
7fc38cd45000-7fc38cd46000 rw-p 00003000 08:01 131102                     /lib/x86_64-linux-gnu/libdl-2.19.so
7fc38cd46000-7fc38cd5c000 r-xp 00000000 08:01 1184595                    /usr/lib/jvm/lib/amd64/jli/libjli.so
7fc38cd5c000-7fc38cf5c000 ---p 00016000 08:01 1184595                    /usr/lib/jvm/lib/amd64/jli/libjli.so
7fc38cf5c000-7fc38cf5d000 rw-p 00016000 08:01 1184595                    /usr/lib/jvm/lib/amd64/jli/libjli.so
7fc38cf5d000-7fc38cf76000 r-xp 00000000 08:01 131172                     /lib/x86_64-linux-gnu/libpthread-2.19.so
7fc38cf76000-7fc38d175000 ---p 00019000 08:01 131172                     /lib/x86_64-linux-gnu/libpthread-2.19.so
7fc38d175000-7fc38d176000 r--p 00018000 08:01 131172                     /lib/x86_64-linux-gnu/libpthread-2.19.so
7fc38d176000-7fc38d177000 rw-p 00019000 08:01 131172                     /lib/x86_64-linux-gnu/libpthread-2.19.so
7fc38d177000-7fc38d17b000 rw-p 00000000 00:00 0 
7fc38d17b000-7fc38d19e000 r-xp 00000000 08:01 131168                     /lib/x86_64-linux-gnu/ld-2.19.so
7fc38d1a1000-7fc38d1a8000 r--s 00000000 08:01 15210435                   /usr/lib/x86_64-linux-gnu/gconv/gconv-modules.cache
7fc38d1a8000-7fc38d1c6000 rw-p 00000000 00:00 0 
7fc38d1c6000-7fc38d27c000 rw-p 00000000 00:00 0 
7fc38d27c000-7fc38d27f000 ---p 00000000 00:00 0 
7fc38d27f000-7fc38d381000 rw-p 00000000 00:00 0                          [stack:16562]
7fc38d382000-7fc38d383000 rw-p 00000000 00:00 0 
7fc38d383000-7fc38d386000 r--s 0001c000 08:01 7077957                    /home/marc/CIBERTEC/Proyectos/P_GestionIncidencias/jcalendar-1.3.3.jar
7fc38d386000-7fc38d391000 r--s 0037c000 08:01 1184568                    /usr/lib/jvm/jre/lib/charsets.jar
7fc38d391000-7fc38d399000 rw-s 00000000 08:01 9830448                    /tmp/hsperfdata_marc/16558
7fc38d399000-7fc38d39a000 rw-p 00000000 00:00 0 
7fc38d39a000-7fc38d39b000 ---p 00000000 00:00 0 
7fc38d39b000-7fc38d39d000 rw-p 00000000 00:00 0 
7fc38d39d000-7fc38d39e000 r--p 00022000 08:01 131168                     /lib/x86_64-linux-gnu/ld-2.19.so
7fc38d39e000-7fc38d39f000 rw-p 00023000 08:01 131168                     /lib/x86_64-linux-gnu/ld-2.19.so
7fc38d39f000-7fc38d3a0000 rw-p 00000000 00:00 0 
7fffdf211000-7fffdf232000 rw-p 00000000 00:00 0                          [stack]
7fffdf343000-7fffdf345000 r-xp 00000000 00:00 0                          [vdso]
ffffffffff600000-ffffffffff601000 r-xp 00000000 00:00 0                  [vsyscall]

VM Arguments:
jvm_args: -agentlib:jdwp=transport=dt_socket,suspend=y,address=localhost:33416 -Dfile.encoding=UTF-8 
java_command: Frames.Menu_Principal
Launcher Type: SUN_STANDARD

Environment Variables:
PATH=/usr/local/sbin:/usr/local/bin:/usr/sbin:/usr/bin:/sbin:/bin:/usr/games:/usr/local/games
SHELL=/bin/bash
DISPLAY=:0

Signal Handlers:
SIGSEGV: [libjvm.so+0x9a21f0], sa_mask[0]=0x7ffbfeff, sa_flags=0x10000004
SIGBUS: [libjvm.so+0x9a21f0], sa_mask[0]=0x7ffbfeff, sa_flags=0x10000004
SIGFPE: [libjvm.so+0x81ba40], sa_mask[0]=0x7ffbfeff, sa_flags=0x10000004
SIGPIPE: [libjvm.so+0x81ba40], sa_mask[0]=0x7ffbfeff, sa_flags=0x10000004
SIGXFSZ: [libjvm.so+0x81ba40], sa_mask[0]=0x7ffbfeff, sa_flags=0x10000004
SIGILL: [libjvm.so+0x81ba40], sa_mask[0]=0x7ffbfeff, sa_flags=0x10000004
SIGUSR1: SIG_DFL, sa_mask[0]=0x00000000, sa_flags=0x00000000
SIGUSR2: [libjvm.so+0x81d240], sa_mask[0]=0x00000004, sa_flags=0x10000004
SIGHUP: [libjvm.so+0x81e360], sa_mask[0]=0x7ffbfeff, sa_flags=0x10000004
SIGINT: [libjvm.so+0x81e360], sa_mask[0]=0x7ffbfeff, sa_flags=0x10000004
SIGTERM: [libjvm.so+0x81e360], sa_mask[0]=0x7ffbfeff, sa_flags=0x10000004
SIGQUIT: [libjvm.so+0x81e360], sa_mask[0]=0x7ffbfeff, sa_flags=0x10000004


---------------  S Y S T E M  ---------------

OS: